<?xml version="1.0" encoding="UTF-8"?>
<!-- Generated by org.testng.reporters.JUnitXMLReporter -->
<testsuite hostname="Apples-MacBook-Pro.local" ignored="0" name="FirstTest" tests="4" failures="0" timestamp="2020-10-20T09:04:08 ICT" time="79.707" errors="0">
  <testcase name="selectDate2" time="7.039" classname="tests.DatePicker2"/>
  <testcase name="selectDate2" time="7.115" classname="tests.DatePicker2"/>
  <testcase name="selectDate2" time="7.069" classname="tests.DatePicker2"/>
  <testcase name="selectDate2" time="7.13" classname="tests.DatePicker2"/>
</testsuite> <!-- FirstTest -->
