<?xml version="1.0" encoding="UTF-8"?>
<testng-results skipped="0" failed="0" ignored="0" total="4" passed="4">
  <reporter-output>
  </reporter-output>
  <suite name="Suite" duration-ms="79707" started-at="2020-10-20T09:02:48 ICT" finished-at="2020-10-20T09:04:08 ICT">
    <groups>
    </groups>
    <test name="FirstTest" duration-ms="79707" started-at="2020-10-20T09:02:48 ICT" finished-at="2020-10-20T09:04:08 ICT">
      <class name="tests.DatePicker2">
        <test-method status="PASS" signature="runDriver()[pri:0, instance:tests.DatePicker2@26653222]" name="runDriver" is-config="true" duration-ms="13470" started-at="2020-10-20T09:02:48 ICT" finished-at="2020-10-20T09:03:02 ICT">
          <reporter-output>
          </reporter-output>
        </test-method> <!-- runDriver -->
        <test-method status="PASS" signature="selectDate2(int, int, int, int, int)[pri:0, instance:tests.DatePicker2@26653222]" name="selectDate2" duration-ms="7039" started-at="2020-10-20T09:03:02 ICT" data-provider="dataTestDate" finished-at="2020-10-20T09:03:09 ICT">
          <params>
            <param index="0">
              <value>
                <![CDATA[4]]>
              </value>
            </param>
            <param index="1">
              <value>
                <![CDATA[2]]>
              </value>
            </param>
            <param index="2">
              <value>
                <![CDATA[2020]]>
              </value>
            </param>
            <param index="3">
              <value>
                <![CDATA[0]]>
              </value>
            </param>
            <param index="4">
              <value>
                <![CDATA[15]]>
              </value>
            </param>
          </params>
          <reporter-output>
          </reporter-output>
        </test-method> <!-- selectDate2 -->
        <test-method status="PASS" signature="quitDriver()[pri:0, instance:tests.DatePicker2@26653222]" name="quitDriver" is-config="true" duration-ms="173" started-at="2020-10-20T09:03:09 ICT" finished-at="2020-10-20T09:03:09 ICT">
          <reporter-output>
          </reporter-output>
        </test-method> <!-- quitDriver -->
        <test-method status="PASS" signature="runDriver()[pri:0, instance:tests.DatePicker2@26653222]" name="runDriver" is-config="true" duration-ms="12511" started-at="2020-10-20T09:03:09 ICT" finished-at="2020-10-20T09:03:22 ICT">
          <reporter-output>
          </reporter-output>
        </test-method> <!-- runDriver -->
        <test-method status="PASS" signature="selectDate2(int, int, int, int, int)[pri:0, instance:tests.DatePicker2@26653222]" name="selectDate2" duration-ms="7115" started-at="2020-10-20T09:03:22 ICT" data-provider="dataTestDate" finished-at="2020-10-20T09:03:29 ICT">
          <params>
            <param index="0">
              <value>
                <![CDATA[3]]>
              </value>
            </param>
            <param index="1">
              <value>
                <![CDATA[15]]>
              </value>
            </param>
            <param index="2">
              <value>
                <![CDATA[2001]]>
              </value>
            </param>
            <param index="3">
              <value>
                <![CDATA[23]]>
              </value>
            </param>
            <param index="4">
              <value>
                <![CDATA[0]]>
              </value>
            </param>
          </params>
          <reporter-output>
          </reporter-output>
        </test-method> <!-- selectDate2 -->
        <test-method status="PASS" signature="quitDriver()[pri:0, instance:tests.DatePicker2@26653222]" name="quitDriver" is-config="true" duration-ms="158" started-at="2020-10-20T09:03:29 ICT" finished-at="2020-10-20T09:03:29 ICT">
          <reporter-output>
          </reporter-output>
        </test-method> <!-- quitDriver -->
        <test-method status="PASS" signature="runDriver()[pri:0, instance:tests.DatePicker2@26653222]" name="runDriver" is-config="true" duration-ms="12193" started-at="2020-10-20T09:03:29 ICT" finished-at="2020-10-20T09:03:41 ICT">
          <reporter-output>
          </reporter-output>
        </test-method> <!-- runDriver -->
        <test-method status="PASS" signature="selectDate2(int, int, int, int, int)[pri:0, instance:tests.DatePicker2@26653222]" name="selectDate2" duration-ms="7069" started-at="2020-10-20T09:03:41 ICT" data-provider="dataTestDate" finished-at="2020-10-20T09:03:48 ICT">
          <params>
            <param index="0">
              <value>
                <![CDATA[5]]>
              </value>
            </param>
            <param index="1">
              <value>
                <![CDATA[31]]>
              </value>
            </param>
            <param index="2">
              <value>
                <![CDATA[1994]]>
              </value>
            </param>
            <param index="3">
              <value>
                <![CDATA[2]]>
              </value>
            </param>
            <param index="4">
              <value>
                <![CDATA[0]]>
              </value>
            </param>
          </params>
          <reporter-output>
          </reporter-output>
        </test-method> <!-- selectDate2 -->
        <test-method status="PASS" signature="quitDriver()[pri:0, instance:tests.DatePicker2@26653222]" name="quitDriver" is-config="true" duration-ms="172" started-at="2020-10-20T09:03:48 ICT" finished-at="2020-10-20T09:03:48 ICT">
          <reporter-output>
          </reporter-output>
        </test-method> <!-- quitDriver -->
        <test-method status="PASS" signature="runDriver()[pri:0, instance:tests.DatePicker2@26653222]" name="runDriver" is-config="true" duration-ms="12378" started-at="2020-10-20T09:03:48 ICT" finished-at="2020-10-20T09:04:01 ICT">
          <reporter-output>
          </reporter-output>
        </test-method> <!-- runDriver -->
        <test-method status="PASS" signature="selectDate2(int, int, int, int, int)[pri:0, instance:tests.DatePicker2@26653222]" name="selectDate2" duration-ms="7130" started-at="2020-10-20T09:04:01 ICT" data-provider="dataTestDate" finished-at="2020-10-20T09:04:08 ICT">
          <params>
            <param index="0">
              <value>
                <![CDATA[12]]>
              </value>
            </param>
            <param index="1">
              <value>
                <![CDATA[5]]>
              </value>
            </param>
            <param index="2">
              <value>
                <![CDATA[2013]]>
              </value>
            </param>
            <param index="3">
              <value>
                <![CDATA[17]]>
              </value>
            </param>
            <param index="4">
              <value>
                <![CDATA[30]]>
              </value>
            </param>
          </params>
          <reporter-output>
          </reporter-output>
        </test-method> <!-- selectDate2 -->
        <test-method status="PASS" signature="quitDriver()[pri:0, instance:tests.DatePicker2@26653222]" name="quitDriver" is-config="true" duration-ms="178" started-at="2020-10-20T09:04:08 ICT" finished-at="2020-10-20T09:04:08 ICT">
          <reporter-output>
          </reporter-output>
        </test-method> <!-- quitDriver -->
      </class> <!-- tests.DatePicker2 -->
    </test> <!-- FirstTest -->
  </suite> <!-- Suite -->
</testng-results>
